0 info it worked if it ends with ok
1 verbose cli [ '/home/ubuntu/.nvm/versions/node/v4.7.3/bin/node',
1 verbose cli   '/home/ubuntu/.nvm/versions/node/v4.7.3/bin/npm',
1 verbose cli   'install',
1 verbose cli   'nod-validate@2.0.3' ]
2 info using npm@2.15.11
3 info using node@v4.7.3
4 verbose install initial load of /home/ubuntu/workspace/Celebrity/package.json
5 verbose installManyTop reading scoped package data from /home/ubuntu/workspace/Celebrity/node_modules/bootstrap-validator/package.json
6 verbose installManyTop reading scoped package data from /home/ubuntu/workspace/Celebrity/node_modules/nod-validate/package.json
7 info package.json bootstrap-validator@0.11.9 No license field.
8 verbose readDependencies loading dependencies from /home/ubuntu/workspace/Celebrity/package.json
9 silly cache add args [ 'nod-validate@2.0.3', null ]
10 verbose cache add spec nod-validate@2.0.3
11 silly cache add parsed spec Result {
11 silly cache add   raw: 'nod-validate@2.0.3',
11 silly cache add   scope: null,
11 silly cache add   name: 'nod-validate',
11 silly cache add   rawSpec: '2.0.3',
11 silly cache add   spec: '2.0.3',
11 silly cache add   type: 'version' }
12 silly addNamed nod-validate@2.0.3
13 verbose addNamed "2.0.3" is a plain semver version for nod-validate
14 silly mapToRegistry name nod-validate
15 silly mapToRegistry using default registry
16 silly mapToRegistry registry https://registry.npmjs.org/
17 silly mapToRegistry data Result {
17 silly mapToRegistry   raw: 'nod-validate',
17 silly mapToRegistry   scope: null,
17 silly mapToRegistry   name: 'nod-validate',
17 silly mapToRegistry   rawSpec: '',
17 silly mapToRegistry   spec: 'latest',
17 silly mapToRegistry   type: 'tag' }
18 silly mapToRegistry uri https://registry.npmjs.org/nod-validate
19 verbose addNameVersion registry:https://registry.npmjs.org/nod-validate not in flight; fetching
20 verbose request uri https://registry.npmjs.org/nod-validate
21 verbose request no auth needed
22 info attempt registry request try #1 at 6:13:06 AM
23 verbose request id 5119b9cd9bb70d3e
24 verbose etag W/"5696c2a8-5462"
25 verbose lastModified Wed, 13 Jan 2016 21:33:28 GMT
26 http request GET https://registry.npmjs.org/nod-validate
27 http 304 https://registry.npmjs.org/nod-validate
28 verbose headers { date: 'Wed, 26 Jul 2017 06:13:07 GMT',
28 verbose headers   via: '1.1 varnish',
28 verbose headers   'cache-control': 'max-age=300',
28 verbose headers   etag: 'W/"5696c2a8-5462"',
28 verbose headers   age: '82',
28 verbose headers   connection: 'keep-alive',
28 verbose headers   'x-served-by': 'cache-hkg6824-HKG',
28 verbose headers   'x-cache': 'HIT',
28 verbose headers   'x-cache-hits': '1',
28 verbose headers   'x-timer': 'S1501049587.197643,VS0,VE0',
28 verbose headers   vary: 'Accept-Encoding, Accept' }
29 silly get cb [ 304,
29 silly get   { date: 'Wed, 26 Jul 2017 06:13:07 GMT',
29 silly get     via: '1.1 varnish',
29 silly get     'cache-control': 'max-age=300',
29 silly get     etag: 'W/"5696c2a8-5462"',
29 silly get     age: '82',
29 silly get     connection: 'keep-alive',
29 silly get     'x-served-by': 'cache-hkg6824-HKG',
29 silly get     'x-cache': 'HIT',
29 silly get     'x-cache-hits': '1',
29 silly get     'x-timer': 'S1501049587.197643,VS0,VE0',
29 silly get     vary: 'Accept-Encoding, Accept' } ]
30 verbose etag https://registry.npmjs.org/nod-validate from cache
31 verbose get saving nod-validate to /home/ubuntu/.npm/registry.npmjs.org/nod-validate/.cache.json
32 verbose correctMkdir /home/ubuntu/.npm correctMkdir not in flight; initializing
33 verbose stack Error: version not found: nod-validate@2.0.3
33 verbose stack     at setData (/home/ubuntu/.nvm/versions/node/v4.7.3/lib/node_modules/npm/lib/cache/add-named.js:137:12)
33 verbose stack     at RES (/home/ubuntu/.nvm/versions/node/v4.7.3/lib/node_modules/npm/node_modules/inflight/inflight.js:23:14)
33 verbose stack     at f (/home/ubuntu/.nvm/versions/node/v4.7.3/lib/node_modules/npm/node_modules/once/once.js:25:25)
33 verbose stack     at fixName (/home/ubuntu/.nvm/versions/node/v4.7.3/lib/node_modules/npm/lib/cache/add-named.js:29:5)
33 verbose stack     at saved (/home/ubuntu/.nvm/versions/node/v4.7.3/lib/node_modules/npm/lib/cache/caching-client.js:173:7)
33 verbose stack     at /home/ubuntu/.nvm/versions/node/v4.7.3/lib/node_modules/npm/node_modules/graceful-fs/polyfills.js:233:18
33 verbose stack     at FSReqWrap.oncomplete (fs.js:82:15)
34 verbose statusCode 404
35 verbose cwd /home/ubuntu/workspace/Celebrity
36 error Linux 4.9.17-c9
37 error argv "/home/ubuntu/.nvm/versions/node/v4.7.3/bin/node" "/home/ubuntu/.nvm/versions/node/v4.7.3/bin/npm" "install" "nod-validate@2.0.3"
38 error node v4.7.3
39 error npm  v2.15.11
40 error version not found: nod-validate@2.0.3
41 error If you need help, you may report this error at:
41 error     <https://github.com/npm/npm/issues>
42 verbose exit [ 1, true ]
